<?xml version="1.0" encoding="UTF-8"?>
<!-- Generated by org.testng.reporters.JUnitReportReporter -->
<testsuite hostname="ykp-PC" name="cn.testfan.testng.Test3" tests="3" failures="0" timestamp="21 Aug 2016 13:18:22 GMT" time="0.021" errors="0">
  <testcase name="f2" time="0.001" classname="cn.testfan.testng.Test3"/>
  <testcase name="f1" time="0.019" classname="cn.testfan.testng.Test3"/>
  <testcase name="f3" time="0.001" classname="cn.testfan.testng.Test3"/>
</testsuite> <!-- cn.testfan.testng.Test3 -->
