<?xml version="1.0" encoding="UTF-8"?>
<!-- Generated by org.testng.reporters.JUnitReportReporter -->
<testsuite hostname="ykp-PC" name="cn.testfan.testng.Test2" tests="2" failures="0" timestamp="21 Aug 2016 12:59:26 GMT" time="0.010" errors="0">
  <testcase name="f1" time="0.009" classname="cn.testfan.testng.Test2"/>
  <testcase name="f2" time="0.001" classname="cn.testfan.testng.Test2"/>
</testsuite> <!-- cn.testfan.testng.Test2 -->
