<?xml version="1.0" encoding="UTF-8"?>
<!-- Generated by org.testng.reporters.JUnitReportReporter -->
<testsuite hostname="ykp-PC" name="cn.testfan.testng.Test1" tests="3" failures="0" timestamp="21 Aug 2016 13:13:58 GMT" time="0.019" errors="0">
  <testcase name="f1" time="0.001" classname="cn.testfan.testng.Test1"/>
  <testcase name="g1" time="0.017" classname="cn.testfan.testng.Test1"/>
  <testcase name="f2" time="0.001" classname="cn.testfan.testng.Test1"/>
</testsuite> <!-- cn.testfan.testng.Test1 -->
