<?xml version="1.0" encoding="UTF-8"?>
<!-- Generated by org.testng.reporters.JUnitReportReporter -->
<testsuite hostname="ykp-PC" name="cn.testfan.testng.UserTest" tests="2" failures="0" timestamp="21 Aug 2016 13:54:07 GMT" time="0.015" errors="0">
  <testcase name="login" time="0.000" classname="cn.testfan.testng.UserTest"/>
  <testcase name="login" time="0.015" classname="cn.testfan.testng.UserTest"/>
</testsuite> <!-- cn.testfan.testng.UserTest -->
