<?xml version="1.0" encoding="UTF-8"?>
<!-- Generated by org.testng.reporters.JUnitReportReporter -->
<testsuite hostname="ykp-PC" name="cn.testfan.testng.Test4" tests="4" failures="0" timestamp="21 Aug 2016 13:23:21 GMT" time="0.022" errors="0">
  <testcase name="f3" time="0.000" classname="cn.testfan.testng.Test4"/>
  <testcase name="f4" time="0.001" classname="cn.testfan.testng.Test4"/>
  <testcase name="f1" time="0.020" classname="cn.testfan.testng.Test4"/>
  <testcase name="f2" time="0.001" classname="cn.testfan.testng.Test4"/>
</testsuite> <!-- cn.testfan.testng.Test4 -->
