<?xml version="1.0" encoding="UTF-8"?>
<!-- Generated by org.testng.reporters.JUnitReportReporter -->
<testsuite hostname="ykp-PC" name="cn.testfan.testng.Test5" tests="2" failures="0" timestamp="21 Aug 2016 13:37:29 GMT" time="0.017" errors="0">
  <testcase name="login" time="0.001" classname="cn.testfan.testng.Test5"/>
  <testcase name="login" time="0.016" classname="cn.testfan.testng.Test5"/>
</testsuite> <!-- cn.testfan.testng.Test5 -->
